<?xml version="1.0" encoding="UTF-8"?>
<!-- Generated by org.testng.reporters.JUnitReportReporter -->
<testsuite hostname="SVENIGALLA-LT.local" name="com.qa.service.SoundApiTests" tests="1" failures="0" timestamp="15 Dec 2015 19:59:58 GMT" time="0.721" errors="0">
  <testcase name="negativeTestSoundApi" time="0.721" classname="com.qa.service.SoundApiTests"/>
</testsuite> <!-- com.qa.service.SoundApiTests -->
